[15:44:51] [trace] VEKTOR: Starting Vektor Engine
[15:44:51] [critical] VEKTOR: Vektor Engine is running
[15:44:51] [warning] VEKTOR: Vektor Engine is running
[15:44:52] [info] VEKTOR: GLFW Window hints set
[15:44:52] [info] VEKTOR: Creating window: Vektor Engine (1280, 720)
[15:44:52] [info] VEKTOR: OpenGL context initialized successfully
[15:44:52] [info] APP: Setting event callback
[15:44:52] [info] VEKTOR: OpenGL rendering setup complete
[15:44:53] [trace] VEKTOR: Event received: MouseMovedEvent: 502.875, 325.523
[15:44:53] [trace] VEKTOR: Event received: MouseMovedEvent: 509.215, 316.008
[15:44:53] [trace] VEKTOR: Event received: MouseMovedEvent: 524.293, 290.285
[15:44:53] [trace] VEKTOR: Event received: MouseMovedEvent: 539.805, 262.906
[15:44:53] [trace] VEKTOR: Event received: MouseMovedEvent: 571.09, 212.273
[15:44:53] [trace] VEKTOR: Event received: MouseMovedEvent: 592.961, 182.664
[15:44:53] [trace] VEKTOR: Event received: MouseMovedEvent: 605.93, 168.695
[15:44:53] [trace] VEKTOR: Event received: MouseMovedEvent: 616.422, 158.199
[15:44:53] [trace] VEKTOR: Event received: MouseMovedEvent: 626.426, 150.695
[15:44:53] [trace] VEKTOR: Event received: MouseMovedEvent: 635.449, 145.43
[15:44:53] [trace] VEKTOR: Event received: MouseMovedEvent: 653.496, 137.906
[15:44:53] [trace] VEKTOR: Event received: MouseMovedEvent: 662.031, 135.059
[15:44:53] [trace] VEKTOR: Event received: MouseMovedEvent: 669.406, 133.047
[15:44:53] [trace] VEKTOR: Event received: MouseMovedEvent: 675.703, 131.156
[15:44:53] [trace] VEKTOR: Event received: MouseMovedEvent: 678.508, 130.688
[15:44:53] [trace] VEKTOR: Event received: MouseMovedEvent: 682.785, 130.152
[15:44:53] [trace] VEKTOR: Event received: MouseMovedEvent: 688.086, 130.152
[15:44:53] [trace] VEKTOR: Event received: MouseMovedEvent: 689.27, 130.152
[15:44:53] [trace] VEKTOR: Event received: MouseMovedEvent: 699.848, 129.562
[15:44:53] [trace] VEKTOR: Event received: MouseMovedEvent: 722.785, 124.555
[15:44:53] [trace] VEKTOR: Event received: MouseMovedEvent: 762.512, 117.402
[15:44:53] [trace] VEKTOR: Event received: MouseMovedEvent: 805.961, 111.043
[15:44:53] [trace] VEKTOR: Event received: MouseMovedEvent: 815.734, 110.289
[15:44:53] [trace] VEKTOR: Event received: MouseMovedEvent: 832.949, 107.418
[15:44:53] [trace] VEKTOR: Event received: MouseMovedEvent: 846.941, 105.668
[15:44:53] [trace] VEKTOR: Event received: MouseMovedEvent: 859.312, 104.016
[15:44:53] [trace] VEKTOR: Event received: MouseMovedEvent: 871.074, 102.793
[15:44:53] [trace] VEKTOR: Event received: MouseMovedEvent: 877.371, 102.16
[15:44:53] [trace] VEKTOR: Event received: MouseMovedEvent: 882.672, 100.98
[15:44:53] [trace] VEKTOR: Event received: MouseMovedEvent: 886.227, 100.469
[15:44:53] [trace] VEKTOR: Event received: MouseMovedEvent: 888.359, 100.039
[15:44:53] [trace] VEKTOR: Event received: MouseMovedEvent: 890.492, 100.039
[15:44:53] [trace] VEKTOR: Event received: MouseMovedEvent: 892.039, 100.039
[15:44:53] [trace] VEKTOR: Event received: MouseMovedEvent: 892.648, 99.7305
[15:44:53] [trace] VEKTOR: Event received: MouseMovedEvent: 893.676, 99.7305
[15:44:53] [trace] VEKTOR: Event received: MouseMovedEvent: 894.285, 99.7305
[15:44:53] [trace] VEKTOR: Event received: MouseMovedEvent: 894.551, 99.7305
[15:44:53] [trace] VEKTOR: Event received: MouseMovedEvent: 894.816, 99.7305
[15:44:53] [trace] VEKTOR: Event received: MouseMovedEvent: 895.426, 99.7305
[15:44:53] [trace] VEKTOR: Event received: MouseMovedEvent: 895.691, 99.7305
[15:44:53] [trace] VEKTOR: Event received: MouseMovedEvent: 895.957, 99.7305
[15:44:53] [trace] VEKTOR: Event received: MouseMovedEvent: 896.562, 99.7305
[15:44:53] [trace] VEKTOR: Event received: MouseMovedEvent: 896.828, 99.7305
[15:44:53] [trace] VEKTOR: Event received: MouseMovedEvent: 897.438, 99.7305
[15:44:53] [trace] VEKTOR: Event received: MouseMovedEvent: 898.477, 99.7305
[15:44:53] [trace] VEKTOR: Event received: MouseMovedEvent: 899.086, 99.7305
[15:44:53] [trace] VEKTOR: Event received: MouseMovedEvent: 900.734, 99.7305
[15:44:53] [trace] VEKTOR: Event received: MouseMovedEvent: 902.281, 99.7305
[15:44:53] [trace] VEKTOR: Event received: MouseMovedEvent: 903.816, 99.7305
[15:44:53] [trace] VEKTOR: Event received: MouseMovedEvent: 907.465, 99.7305
[15:44:53] [trace] VEKTOR: Event received: MouseMovedEvent: 909.598, 99.3008
[15:44:53] [trace] VEKTOR: Event received: MouseMovedEvent: 911.715, 98.4492
[15:44:53] [trace] VEKTOR: Event received: MouseMovedEvent: 916.102, 97.3516
[15:44:53] [trace] VEKTOR: Event received: MouseMovedEvent: 917.648, 96.9609
[15:44:53] [trace] VEKTOR: Event received: MouseMovedEvent: 922.586, 95.168
[15:44:53] [trace] VEKTOR: Event received: MouseMovedEvent: 927.523, 92.9453
[15:44:53] [trace] VEKTOR: Event received: MouseMovedEvent: 931.859, 91.2383
[15:44:53] [trace] VEKTOR: Event received: MouseMovedEvent: 936.113, 89.5273
[15:44:54] [trace] VEKTOR: Event received: MouseMovedEvent: 939.207, 88.3594
[15:44:54] [trace] VEKTOR: Event received: MouseMovedEvent: 941.793, 87.6211
[15:44:54] [trace] VEKTOR: Event received: MouseMovedEvent: 943.434, 87.6211
[15:44:54] [trace] VEKTOR: Event received: MouseMovedEvent: 945.082, 87.6211
[15:44:54] [trace] VEKTOR: Event received: MouseMovedEvent: 945.957, 87.6211
[15:44:54] [trace] VEKTOR: Event received: MouseMovedEvent: 946.488, 87.6211
[15:44:54] [trace] VEKTOR: Event received: MouseMovedEvent: 947.02, 87.6211
[15:44:54] [trace] VEKTOR: Event received: MouseMovedEvent: 947.285, 87.6211
[15:44:54] [trace] VEKTOR: Event received: MouseMovedEvent: 946.008, 87.6211
[15:44:54] [trace] VEKTOR: Event received: MouseMovedEvent: 944.461, 87.2344
[15:44:54] [trace] VEKTOR: Event received: MouseMovedEvent: 942.91, 87.2344
[15:44:54] [trace] VEKTOR: Event received: MouseMovedEvent: 940.773, 87.2344
[15:44:54] [trace] VEKTOR: Event received: MouseMovedEvent: 937.98, 86.7656
[15:44:54] [trace] VEKTOR: Event received: MouseMovedEvent: 935.844, 86.7656
[15:44:54] [trace] VEKTOR: Event received: MouseMovedEvent: 933.035, 86.2969
[15:44:54] [trace] VEKTOR: Event received: MouseMovedEvent: 930.922, 86.2969
[15:44:54] [trace] VEKTOR: Event received: MouseMovedEvent: 925.617, 85.707
[15:44:54] [trace] VEKTOR: Event received: MouseMovedEvent: 922.809, 85.2383
[15:44:54] [trace] VEKTOR: Event received: MouseMovedEvent: 921.258, 85.2383
[15:44:54] [trace] VEKTOR: Event received: MouseMovedEvent: 917.707, 85.2383
[15:44:54] [trace] VEKTOR: Event received: MouseMovedEvent: 912.09, 85.2383
[15:44:54] [trace] VEKTOR: Event received: MouseMovedEvent: 909.953, 85.2383
[15:44:54] [trace] VEKTOR: Event received: MouseMovedEvent: 907.145, 85.2383
[15:44:54] [trace] VEKTOR: Event received: MouseMovedEvent: 905.008, 85.2383
[15:44:54] [trace] VEKTOR: Event received: MouseMovedEvent: 902.871, 85.2383
[15:44:54] [trace] VEKTOR: Event received: MouseMovedEvent: 900.734, 85.2383
[15:44:54] [trace] VEKTOR: Event received: MouseMovedEvent: 897.203, 85.2383
[15:44:54] [trace] VEKTOR: Event received: MouseMovedEvent: 894.395, 85.2383
[15:44:54] [trace] VEKTOR: Event received: MouseMovedEvent: 890.852, 84.7305
[15:44:54] [trace] VEKTOR: Event received: MouseMovedEvent: 887.293, 84.7305
[15:44:54] [trace] VEKTOR: Event received: MouseMovedEvent: 882.902, 84.7305
[15:44:54] [trace] VEKTOR: Event received: MouseMovedEvent: 873.207, 84.1406
[15:44:54] [trace] VEKTOR: Event received: MouseMovedEvent: 862.598, 83.5508
[15:44:54] [trace] VEKTOR: Event received: MouseMovedEvent: 851.004, 82.9609
[15:44:54] [trace] VEKTOR: Event received: MouseMovedEvent: 843.828, 82.4141
[15:44:54] [trace] VEKTOR: Event received: MouseMovedEvent: 836.711, 81.9023
[15:44:54] [trace] VEKTOR: Event received: MouseMovedEvent: 831.785, 81.0078
[15:44:54] [trace] VEKTOR: Event received: MouseMovedEvent: 828.688, 80.6172
[15:44:54] [trace] VEKTOR: Event received: MouseMovedEvent: 827.031, 79.9609
[15:44:54] [trace] VEKTOR: Event received: MouseMovedEvent: 826.152, 79.6523
[15:44:54] [trace] VEKTOR: Event received: MouseMovedEvent: 825.613, 79.1133
[15:44:54] [trace] VEKTOR: Event received: MouseMovedEvent: 825.613, 78.8711
[15:44:54] [trace] VEKTOR: Event received: MouseMovedEvent: 825.613, 78.6367
[15:44:54] [trace] VEKTOR: Event received: MouseMovedEvent: 825.848, 78.3984
[15:44:54] [trace] VEKTOR: Event received: MouseMovedEvent: 828.652, 77.9297
[15:44:54] [trace] VEKTOR: Event received: MouseMovedEvent: 833.953, 77.3398
[15:44:54] [trace] VEKTOR: Event received: MouseMovedEvent: 841.328, 75.9961
[15:44:54] [trace] VEKTOR: Event received: MouseMovedEvent: 851.031, 75.2461
[15:44:54] [trace] VEKTOR: Event received: MouseMovedEvent: 863.535, 73.5781
[15:44:54] [trace] VEKTOR: Event received: MouseMovedEvent: 879.098, 72.6602
[15:44:54] [trace] VEKTOR: Event received: MouseMovedEvent: 896.098, 70.7695
[15:44:54] [trace] VEKTOR: Event received: MouseMovedEvent: 913.312, 68.8555
[15:44:54] [trace] VEKTOR: Event received: MouseMovedEvent: 930.527, 67.8984
[15:44:54] [trace] VEKTOR: Event received: MouseMovedEvent: 947.742, 66.9414
[15:44:54] [trace] VEKTOR: Event received: MouseMovedEvent: 955.117, 66.9414
[15:44:54] [trace] VEKTOR: Event received: MouseMovedEvent: 969.109, 66.9414
[15:44:54] [trace] VEKTOR: Event received: MouseMovedEvent: 981.613, 66.9414
[15:44:54] [trace] VEKTOR: Event received: MouseMovedEvent: 991.387, 66.9414
[15:44:54] [trace] VEKTOR: Event received: MouseMovedEvent: 999.922, 66.9414
[15:44:54] [trace] VEKTOR: Event received: MouseMovedEvent: 1002.73, 66.9414
[15:44:54] [trace] VEKTOR: Event received: MouseMovedEvent: 1009.01, 68.1953
[15:44:54] [trace] VEKTOR: Event received: MouseMovedEvent: 1015.63, 70.5234
[15:44:54] [trace] VEKTOR: Event received: MouseMovedEvent: 1019.47, 72.6562
[15:44:54] [trace] VEKTOR: Event received: MouseMovedEvent: 1021.67, 74.4492
[15:44:54] [trace] VEKTOR: Event received: MouseMovedEvent: 1022.36, 75.4883
[15:44:54] [trace] VEKTOR: Event received: MouseMovedEvent: 1022.66, 76.0977
[15:44:54] [trace] VEKTOR: Event received: MouseMovedEvent: 1023.31, 77.7461
[15:44:54] [trace] VEKTOR: Event received: MouseMovedEvent: 1023.66, 79.8242
[15:44:54] [trace] VEKTOR: Event received: MouseMovedEvent: 1023.66, 81.4727
[15:44:54] [trace] VEKTOR: Event received: MouseMovedEvent: 1023.66, 83.5469
[15:44:54] [trace] VEKTOR: Event received: MouseMovedEvent: 1022.35, 85.1953
[15:44:54] [trace] VEKTOR: Event received: MouseMovedEvent: 1021.43, 86.4141
[15:44:54] [trace] VEKTOR: Event received: MouseMovedEvent: 1020.5, 87.3281
[15:44:54] [trace] VEKTOR: Event received: MouseMovedEvent: 1019.62, 87.8945
[15:44:55] [trace] VEKTOR: Event received: MouseMovedEvent: 1019.09, 88.4219
[15:44:55] [trace] VEKTOR: Event received: MouseMovedEvent: 1018.21, 88.9883
[15:44:55] [trace] VEKTOR: Event received: MouseMovedEvent: 1016.66, 89.375
[15:44:55] [trace] VEKTOR: Event received: MouseMovedEvent: 1015.11, 90.1484
[15:44:55] [trace] VEKTOR: Event received: MouseMovedEvent: 1011.27, 92.3398
[15:44:55] [trace] VEKTOR: Event received: MouseMovedEvent: 1004.56, 95.6914
[15:44:55] [trace] VEKTOR: Event received: MouseMovedEvent: 995.531, 100.203
[15:44:55] [trace] VEKTOR: Event received: MouseMovedEvent: 982.41, 105.449
[15:44:55] [trace] VEKTOR: Event received: MouseMovedEvent: 967.758, 111.855
[15:44:55] [trace] VEKTOR: Event received: MouseMovedEvent: 933.238, 123.801
[15:44:55] [trace] VEKTOR: Event received: MouseMovedEvent: 906.074, 130.59
[15:44:55] [trace] VEKTOR: Event received: MouseMovedEvent: 870.227, 135.898
[15:44:55] [trace] VEKTOR: Event received: MouseMovedEvent: 823.922, 141.871
[15:44:55] [trace] VEKTOR: Event received: MouseMovedEvent: 734.441, 145.938
[15:44:55] [trace] VEKTOR: Event received: MouseMovedEvent: 666.57, 145.938
[15:44:55] [trace] VEKTOR: Event received: MouseMovedEvent: 591.77, 145.938
[15:44:55] [trace] VEKTOR: Event received: MouseMovedEvent: 510.473, 145.938
[15:44:55] [trace] VEKTOR: Event received: MouseMovedEvent: 417.285, 135.582
[15:44:55] [trace] VEKTOR: Event received: MouseMovedEvent: 327.805, 121.344
[15:44:55] [trace] VEKTOR: Event received: MouseMovedEvent: 242.027, 103.391
[15:44:55] [trace] VEKTOR: Event received: MouseMovedEvent: 206.816, 94.2617
[15:44:55] [trace] VEKTOR: Event received: MouseMovedEvent: 133.887, 73.6914
[15:44:55] [trace] VEKTOR: Event received: MouseMovedEvent: 110.344, 65.8438
[15:44:55] [trace] VEKTOR: Event received: MouseMovedEvent: 59.8789, 51.6484
[15:44:55] [trace] VEKTOR: Event received: MouseMovedEvent: 47.3711, 48.3125
[15:44:55] [trace] VEKTOR: Event received: MouseMovedEvent: 22.707, 42.707
[15:44:55] [trace] VEKTOR: Event received: MouseMovedEvent: 17.0312, 41.5703
[15:44:55] [trace] VEKTOR: Event received: MouseMovedEvent: 5.92969, 39.9844
[15:44:55] [trace] VEKTOR: Event received: MouseMovedEvent: -1.44922, 39.9844
[15:44:55] [trace] VEKTOR: Event received: MouseMovedEvent: -7.75, 39.9844
[15:44:55] [trace] VEKTOR: Event received: MouseMovedEvent: -5.90625, 39.9844
[15:44:55] [trace] VEKTOR: Event received: MouseMovedEvent: -5.90625, 39.5195
[15:44:55] [trace] VEKTOR: Event received: MouseMovedEvent: -5.90625, 33.9102
[15:44:55] [trace] VEKTOR: Event received: MouseMovedEvent: -5.44141, 28.9648
[15:44:55] [trace] VEKTOR: Event received: MouseMovedEvent: -3.25, 21.5234
[15:44:55] [trace] VEKTOR: Event received: MouseMovedEvent: -2.24609, 17.9961
[15:44:55] [trace] VEKTOR: Event received: MouseMovedEvent: -0.964844, 15.8594
[15:44:55] [trace] VEKTOR: Event received: MouseMovedEvent: 1.96094, 9.49219
[15:44:55] [trace] VEKTOR: Event received: MouseMovedEvent: 5.07031, 4.97266
[15:44:55] [trace] VEKTOR: Event received: MouseMovedEvent: 5.84375, 3.42188
[15:44:55] [trace] VEKTOR: Event received: MouseMovedEvent: 7.125, 1.71094
[15:44:55] [trace] VEKTOR: Event received: MouseMovedEvent: 7.42969, 1.09766
[15:44:55] [trace] VEKTOR: Event received: MouseMovedEvent: 8.03906, 0.484375
[15:44:55] [trace] VEKTOR: Event received: MouseMovedEvent: 8.34375, -0.128906
[15:44:55] [trace] VEKTOR: Event received: MouseMovedEvent: 8.60547, -0.394531
[15:44:55] [trace] VEKTOR: Event received: MouseMovedEvent: 8.91016, -1.00781
[15:44:55] [trace] VEKTOR: Event received: MouseMovedEvent: 8.91016, -1.62109
[15:44:55] [trace] VEKTOR: Event received: MouseMovedEvent: 9.21484, -2.23438
[15:44:55] [trace] VEKTOR: Event received: MouseMovedEvent: 9.21484, -2.84766
[15:44:55] [trace] VEKTOR: Event received: MouseMovedEvent: 9.60156, -4.39844
[15:44:55] [trace] VEKTOR: Event received: MouseMovedEvent: 9.94531, -5.44141
[15:44:55] [trace] VEKTOR: Event received: MouseMovedEvent: 10.2891, -6.48438
[15:44:55] [trace] VEKTOR: Event received: MouseMovedEvent: 10.5938, -8.14062
[15:44:55] [trace] VEKTOR: Event received: MouseMovedEvent: 10.9375, -9.18359
[15:44:55] [trace] VEKTOR: Event received: MouseMovedEvent: 10.9375, -9.79688
[15:44:55] [trace] VEKTOR: Event received: MouseMovedEvent: 11.2031, -10.0664
[15:44:55] [trace] VEKTOR: Event received: MouseMovedEvent: 11.2031, -10.3359
[15:44:55] [trace] VEKTOR: Event received: MouseMovedEvent: 11.2031, -10.582
[15:44:55] [trace] VEKTOR: Event received: MouseMovedEvent: 11.4336, -10.582
[15:44:55] [trace] VEKTOR: Event received: MouseMovedEvent: 11.9453, -10.582
[15:44:55] [trace] VEKTOR: Event received: MouseMovedEvent: 12.8203, -10.582
[15:44:56] [trace] VEKTOR: Event received: WindowClose
[15:44:56] [info] VEKTOR: Application destroyed
[15:44:56] [error] VEKTOR: GLFW Error (65537): The GLFW library is not initialized
[15:44:56] [error] VEKTOR: GLFW Error (65537): The GLFW library is not initialized
[15:44:56] [error] VEKTOR: GLFW Error (65537): The GLFW library is not initialized
[15:44:56] [error] VEKTOR: GLFW Error (65537): The GLFW library is not initialized
[15:44:56] [error] VEKTOR: GLFW Error (65537): The GLFW library is not initialized
[15:44:56] [error] VEKTOR: GLFW Error (65537): The GLFW library is not initialized
[15:44:56] [error] VEKTOR: GLFW Error (65537): The GLFW library is not initialized
[15:44:56] [error] VEKTOR: GLFW Error (65537): The GLFW library is not initialized
[15:44:56] [error] VEKTOR: GLFW Error (65537): The GLFW library is not initialized
[15:44:56] [error] VEKTOR: GLFW Error (65537): The GLFW library is not initialized
[15:44:56] [error] VEKTOR: GLFW Error (65537): The GLFW library is not initialized
[15:44:56] [error] VEKTOR: GLFW Error (65537): The GLFW library is not initialized
[15:44:56] [error] VEKTOR: GLFW Error (65537): The GLFW library is not initialized
[15:44:56] [error] VEKTOR: GLFW Error (65537): The GLFW library is not initialized
[15:44:56] [error] VEKTOR: GLFW Error (65537): The GLFW library is not initialized
[15:44:56] [error] VEKTOR: GLFW Error (65537): The GLFW library is not initialized
[15:44:56] [error] VEKTOR: GLFW Error (65537): The GLFW library is not initialized
[15:44:56] [error] VEKTOR: GLFW Error (65537): The GLFW library is not initialized
[15:44:56] [error] VEKTOR: GLFW Error (65537): The GLFW library is not initialized
[15:44:56] [trace] VEKTOR: Vektor Engine has stopped
